[INFO ] 2025-01-14 11:39:25.709 [main] Log - *** Running test method TC_RoleModule...
[INFO ] 2025-01-14 11:39:28.606 [main] Log - Driver has initialized successfully for chromebrowser
[INFO ] 2025-01-14 11:40:30.295 [main] Log - Title is displayed : BeaconICnRM
[INFO ] 2025-01-14 11:40:58.861 [main] Log - Login successful !
[INFO ] 2025-01-14 11:41:09.889 [main] Log - before RoleManagmentModule !
[INFO ] 2025-01-14 11:41:41.825 [main] Log - after RoleManagmentModule !
[INFO ] 2025-01-14 11:41:49.831 [main] Log - before RoleManagmentModule !
[ERROR] 2025-01-14 11:42:19.919 [main] Log - *** Test execution TC_RoleModule failed...
[ERROR] 2025-01-14 11:42:19.920 [main] Log - Expected condition failed: waiting for presence of element located by: By.xpath: //input[@id='AGAJlHwWQk'] (tried for 30 second(s) with 500 milliseconds interval)
[INFO ] 2025-01-14 11:42:20.676 [main] Log - Logout is done
[INFO ] 2025-01-14 11:42:21.038 [main] Log - *** Test Suite TC_RoleModule ending ***
