<?xml version="1.0" encoding="UTF-8"?>
<testng-results ignored="0" total="1" passed="1" failed="0" skipped="0">
  <reporter-output>
  </reporter-output>
  <suite started-at="2025-01-10T08:47:26 IST" name="Default suite" finished-at="2025-01-10T08:51:20 IST" duration-ms="233256">
    <groups>
    </groups>
    <test started-at="2025-01-10T08:47:26 IST" name="Default test" finished-at="2025-01-10T08:51:20 IST" duration-ms="233256">
      <class name="com.test.CallcentreModule.AllScenarios_CallCentremodule">
        <test-method is-config="true" signature="reference()[pri:0, instance:com.test.CallcentreModule.AllScenarios_CallCentremodule@9d5509a]" started-at="2025-01-10T08:47:26 IST" name="reference" finished-at="2025-01-10T08:47:26 IST" duration-ms="595" status="PASS">
          <reporter-output>
          </reporter-output>
        </test-method> <!-- reference -->
        <test-method signature="RUNALL(java.util.Map,org.testng.ITestContext)[pri:0, instance:com.test.CallcentreModule.AllScenarios_CallCentremodule@9d5509a]" started-at="2025-01-10T08:47:27 IST" name="RUNALL" data-provider="TestData" finished-at="2025-01-10T08:51:20 IST" duration-ms="232589" status="PASS">
          <params>
            <param index="0">
              <value>
                <![CDATA[{=, Rolename=Callcentreroles, Run=Yes, TestScenario=TC_RoleModule}]]>
              </value>
            </param>
            <param index="1">
              <value>
                <![CDATA[org.testng.TestRunner@56de6d6b]]>
              </value>
            </param>
          </params>
          <reporter-output>
          </reporter-output>
        </test-method> <!-- RUNALL -->
      </class> <!-- com.test.CallcentreModule.AllScenarios_CallCentremodule -->
    </test> <!-- Default test -->
  </suite> <!-- Default suite -->
</testng-results>
